This is pdfTeX, Version 3.141592653-2.6-1.40.22 (TeX Live 2021) (preloaded format=pdflatex 2021.5.17)  25 MAY 2021 05:37
entering extended mode
 restricted \write18 enabled.
 file:line:error style messages enabled.
 %&-line parsing enabled.
**main.tex
(./main.tex
LaTeX2e <2020-10-01> patch level 4
L3 programming layer <2021-05-11> (/usr/local/texlive/2021/texmf-dist/tex/latex/base/book.cls
Document Class: book 2020/04/10 v1.4m Standard LaTeX document class
(/usr/local/texlive/2021/texmf-dist/tex/latex/base/bk12.clo
File: bk12.clo 2020/04/10 v1.4m Standard LaTeX file (size option)
)
\c@part=\count179
\c@chapter=\count180
\c@section=\count181
\c@subsection=\count182
\c@subsubsection=\count183
\c@paragraph=\count184
\c@subparagraph=\count185
\c@figure=\count186
\c@table=\count187
\abovecaptionskip=\skip47
\belowcaptionskip=\skip48
\bibindent=\dimen138
) (/usr/local/texlive/2021/texmf-dist/tex/generic/babel/babel.sty
Package: babel 2021/05/16 3.59 The Babel package
 (/usr/local/texlive/2021/texmf-dist/tex/generic/babel/babel.def
File: babel.def 2021/05/16 3.59 Babel common definitions
\babel@savecnt=\count188
\U@D=\dimen139
\l@unhyphenated=\language87
 (/usr/local/texlive/2021/texmf-dist/tex/generic/babel/txtbabel.def)
\bbl@readstream=\read2
)
\bbl@dirlevel=\count189
 (/usr/local/texlive/2021/texmf-dist/tex/generic/babel-spanish/spanish.ldf
Language: spanish.ldf 2016/03/03 v5.0p Spanish support from the babel system
\es@quottoks=\toks15
\es@quotdepth=\count190
Package babel Info: Making " an active character on input line 561.
Package babel Info: Making . an active character on input line 662.
Package babel Info: Making < an active character on input line 707.
Package babel Info: Making > an active character on input line 707.
)) (/usr/local/texlive/2021/texmf-dist/tex/latex/base/inputenc.sty
Package: inputenc 2020/08/01 v1.3d Input encoding file
\inpenc@prehook=\toks16
\inpenc@posthook=\toks17
) (/usr/local/texlive/2021/texmf-dist/tex/latex/amsfonts/amsfonts.sty
Package: amsfonts 2013/01/14 v3.01 Basic AMSFonts support
\@emptytoks=\toks18
\symAMSa=\mathgroup4
\symAMSb=\mathgroup5
LaTeX Font Info:    Redeclaring math symbol \hbar on input line 98.
LaTeX Font Info:    Overwriting math alphabet `\mathfrak' in version `bold'
(Font)                  U/euf/m/n --> U/euf/b/n on input line 106.
) (/usr/local/texlive/2021/texmf-dist/tex/latex/amsmath/amsmath.sty
Package: amsmath 2020/09/23 v2.17i AMS math features
\@mathmargin=\skip49

For additional information on amsmath, use the `?' option.
(/usr/local/texlive/2021/texmf-dist/tex/latex/amsmath/amstext.sty
Package: amstext 2000/06/29 v2.01 AMS text
 (/usr/local/texlive/2021/texmf-dist/tex/latex/amsmath/amsgen.sty
File: amsgen.sty 1999/11/30 v2.0 generic functions
\@emptytoks=\toks19
\ex@=\dimen140
)) (/usr/local/texlive/2021/texmf-dist/tex/latex/amsmath/amsbsy.sty
Package: amsbsy 1999/11/29 v1.2d Bold Symbols
\pmbraise@=\dimen141
) (/usr/local/texlive/2021/texmf-dist/tex/latex/amsmath/amsopn.sty
Package: amsopn 2016/03/08 v2.02 operator names
)
\inf@bad=\count191
LaTeX Info: Redefining \frac on input line 234.
\uproot@=\count192
\leftroot@=\count193
LaTeX Info: Redefining \overline on input line 399.
\classnum@=\count194
\DOTSCASE@=\count195
LaTeX Info: Redefining \ldots on input line 496.
LaTeX Info: Redefining \dots on input line 499.
LaTeX Info: Redefining \cdots on input line 620.
\Mathstrutbox@=\box47
\strutbox@=\box48
\big@size=\dimen142
LaTeX Font Info:    Redeclaring font encoding OML on input line 743.
LaTeX Font Info:    Redeclaring font encoding OMS on input line 744.
\macc@depth=\count196
\c@MaxMatrixCols=\count197
\dotsspace@=\muskip16
\c@parentequation=\count198
\dspbrk@lvl=\count199
\tag@help=\toks20
\row@=\count266
\column@=\count267
\maxfields@=\count268
\andhelp@=\toks21
\eqnshift@=\dimen143
\alignsep@=\dimen144
\tagshift@=\dimen145
\tagwidth@=\dimen146
\totwidth@=\dimen147
\lineht@=\dimen148
\@envbody=\toks22
\multlinegap=\skip50
\multlinetaggap=\skip51
\mathdisplay@stack=\toks23
LaTeX Info: Redefining \[ on input line 2923.
LaTeX Info: Redefining \] on input line 2924.
) (/usr/local/texlive/2021/texmf-dist/tex/latex/amscls/amsthm.sty
Package: amsthm 2020/05/29 v2.20.6
\thm@style=\toks24
\thm@bodyfont=\toks25
\thm@headfont=\toks26
\thm@notefont=\toks27
\thm@headpunct=\toks28
\thm@preskip=\skip52
\thm@postskip=\skip53
\thm@headsep=\skip54
\dth@everypar=\toks29
) (/usr/local/texlive/2021/texmf-dist/tex/latex/physics/physics.sty
Package: physics 
 (/usr/local/texlive/2021/texmf-dist/tex/latex/l3packages/xparse/xparse.sty (/usr/local/texlive/2021/texmf-dist/tex/latex/l3kernel/expl3.sty
Package: expl3 2021-05-11 L3 programming layer (loader) 
 (/usr/local/texlive/2021/texmf-dist/tex/latex/l3backend/l3backend-pdftex.def
File: l3backend-pdftex.def 2021-05-07 L3 backend support: PDF output (pdfTeX)
\l__color_backend_stack_int=\count269
\l__pdf_internal_box=\box49
)) (/usr/local/texlive/2021/texmf-dist/tex/latex/l3packages/xparse/xparse-2020-10-01.sty (/usr/local/texlive/2021/texmf-dist/tex/latex/l3packages/xparse/xparse-generic.tex)))) (/usr/local/texlive/2021/texmf-dist/tex/latex/esint/esint.sty
Package: esint 
\symlargesymbolsA=\mathgroup6
) (/usr/local/texlive/2021/texmf-dist/tex/latex/l3packages/xfrac/xfrac.sty (/usr/local/texlive/2021/texmf-dist/tex/latex/graphics/graphicx.sty
Package: graphicx 2020/09/09 v1.2b Enhanced LaTeX Graphics (DPC,SPQR)

(/usr/local/texlive/2021/texmf-dist/tex/latex/graphics/keyval.sty
Package: keyval 2014/10/28 v1.15 key=value parser (DPC)
\KV@toks@=\toks30
) (/usr/local/texlive/2021/texmf-dist/tex/latex/graphics/graphics.sty
Package: graphics 2020/08/30 v1.4c Standard LaTeX Graphics (DPC,SPQR)
 (/usr/local/texlive/2021/texmf-dist/tex/latex/graphics/trig.sty
Package: trig 2016/01/03 v1.10 sin cos tan (DPC)
) (/usr/local/texlive/2021/texmf-dist/tex/latex/graphics-cfg/graphics.cfg
File: graphics.cfg 2016/06/04 v1.11 sample graphics configuration
)
Package graphics Info: Driver file: pdftex.def on input line 105.
 (/usr/local/texlive/2021/texmf-dist/tex/latex/graphics-def/pdftex.def
File: pdftex.def 2020/10/05 v1.2a Graphics/color driver for pdftex
))
\Gin@req@height=\dimen149
\Gin@req@width=\dimen150
) (/usr/local/texlive/2021/texmf-dist/tex/latex/l3packages/l3keys2e/l3keys2e.sty
Package: l3keys2e 2021-05-07 LaTeX2e option processing using LaTeX3 keys
) (/usr/local/texlive/2021/texmf-dist/tex/latex/base/textcomp.sty
Package: textcomp 2020/02/02 v2.0n Standard LaTeX package
) (/usr/local/texlive/2021/texmf-dist/tex/latex/l3packages/xtemplate/xtemplate.sty
Package: xtemplate 2021-05-07 L3 Experimental prototype document functions
\l__xtemplate_tmp_dim=\dimen151
\l__xtemplate_tmp_int=\count270
\l__xtemplate_tmp_muskip=\muskip17
\l__xtemplate_tmp_skip=\skip55
)
Package: xfrac 2021-05-07 L3 Experimental split-level fractions
\l__xfrac_slash_box=\box50
\l__xfrac_tmp_box=\box51
\l__xfrac_denominator_bot_sep_dim=\dimen152
\l__xfrac_numerator_bot_sep_dim=\dimen153
\l__xfrac_numerator_top_sep_dim=\dimen154
\l__xfrac_slash_left_sep_dim=\dimen155
\l__xfrac_slash_right_sep_dim=\dimen156
\l__xfrac_slash_left_muskip=\muskip18
\l__xfrac_slash_right_muskip=\muskip19

Package xtemplate Info: Declaring object type 'xfrac' taking 3 argument(s) on
(xtemplate)             line 80.

) (/usr/local/texlive/2021/texmf-dist/tex/latex/amsfonts/amssymb.sty
Package: amssymb 2013/01/14 v3.01 AMS font symbols
) (/usr/local/texlive/2021/texmf-dist/tex/latex/siunitx/siunitx.sty
Package: siunitx 2021-04-17 v2.8e A comprehensive (SI) units package
 (/usr/local/texlive/2021/texmf-dist/tex/latex/tools/array.sty
Package: array 2020/10/01 v2.5c Tabular extension package (FMi)
\col@sep=\dimen157
\ar@mcellbox=\box52
\extrarowheight=\dimen158
\NC@list=\toks31
\extratabsurround=\skip56
\backup@length=\skip57
\ar@cellbox=\box53
)
\l__siunitx_tmp_box=\box54
\l__siunitx_tmp_dim=\dimen159
\l__siunitx_tmp_int=\count271
\l__siunitx_number_mantissa_length_int=\count272
\l__siunitx_number_uncert_length_int=\count273
\l__siunitx_round_int=\count274
\l__siunitx_process_decimal_int=\count275
\l__siunitx_process_uncertainty_int=\count276
\l__siunitx_process_fixed_int=\count277
\l__siunitx_process_integer_min_int=\count278
\l__siunitx_process_precision_int=\count279
\l__siunitx_group_min_int=\count280
\l__siunitx_angle_marker_box=\box55
\l__siunitx_angle_unit_box=\box56
\l__siunitx_angle_marker_dim=\dimen160
\l__siunitx_angle_unit_dim=\dimen161
\l__siunitx_unit_int=\count281
\l__siunitx_unit_denominator_int=\count282
\l__siunitx_unit_numerator_int=\count283
\l__siunitx_unit_prefix_int=\count284
\l__siunitx_unit_prefix_base_int=\count285
\l__siunitx_unit_prefix_gram_int=\count286
\l__siunitx_number_product_int=\count287
\c__siunitx_one_fill_skip=\skip58
\l__siunitx_table_unit_align_skip=\skip59
\l__siunitx_table_exponent_dim=\dimen162
\l__siunitx_table_integer_dim=\dimen163
\l__siunitx_table_mantissa_dim=\dimen164
\l__siunitx_table_marker_dim=\dimen165
\l__siunitx_table_result_dim=\dimen166
\l__siunitx_table_uncert_dim=\dimen167
\l__siunitx_table_fill_pre_dim=\dimen168
\l__siunitx_table_fill_post_dim=\dimen169
\l__siunitx_table_fill_mid_dim=\dimen170
\l__siunitx_table_pre_box=\box57
\l__siunitx_table_post_box=\box58
\l__siunitx_table_mantissa_box=\box59
\l__siunitx_table_result_box=\box60
\l__siunitx_table_number_align_skip=\skip60
\l__siunitx_table_text_align_skip=\skip61
 (/usr/local/texlive/2021/texmf-dist/tex/latex/translator/translator.sty
Package: translator 2020-08-03 v1.12c Easy translation of strings in LaTeX
)) (/usr/local/texlive/2021/texmf-dist/tex/latex/xcolor/xcolor.sty
Package: xcolor 2016/05/11 v2.12 LaTeX color extensions (UK)
 (/usr/local/texlive/2021/texmf-dist/tex/latex/graphics-cfg/color.cfg
File: color.cfg 2016/01/02 v1.6 sample color configuration
)
Package xcolor Info: Driver file: pdftex.def on input line 225.
Package xcolor Info: Model `cmy' substituted by `cmy0' on input line 1348.
Package xcolor Info: Model `hsb' substituted by `rgb' on input line 1352.
Package xcolor Info: Model `RGB' extended on input line 1364.
Package xcolor Info: Model `HTML' substituted by `rgb' on input line 1366.
Package xcolor Info: Model `Hsb' substituted by `hsb' on input line 1367.
Package xcolor Info: Model `tHsb' substituted by `hsb' on input line 1368.
Package xcolor Info: Model `HSB' substituted by `hsb' on input line 1369.
Package xcolor Info: Model `Gray' substituted by `gray' on input line 1370.
Package xcolor Info: Model `wave' substituted by `hsb' on input line 1371.

(/usr/local/texlive/2021/texmf-dist/tex/latex/graphics/dvipsnam.def
File: dvipsnam.def 2016/06/17 v3.0m Driver-dependent file (DPC,SPQR)
)) (/usr/local/texlive/2021/texmf-dist/tex/latex/booktabs/booktabs.sty
Package: booktabs 2020/01/12 v1.61803398 Publication quality tables
\heavyrulewidth=\dimen171
\lightrulewidth=\dimen172
\cmidrulewidth=\dimen173
\belowrulesep=\dimen174
\belowbottomsep=\dimen175
\aboverulesep=\dimen176
\abovetopsep=\dimen177
\cmidrulesep=\dimen178
\cmidrulekern=\dimen179
\defaultaddspace=\dimen180
\@cmidla=\count288
\@cmidlb=\count289
\@aboverulesep=\dimen181
\@belowrulesep=\dimen182
\@thisruleclass=\count290
\@lastruleclass=\count291
\@thisrulewidth=\dimen183
) (/usr/local/texlive/2021/texmf-dist/tex/latex/float/float.sty
Package: float 2001/11/08 v1.3d Float enhancements (AL)
\c@float@type=\count292
\float@exts=\toks32
\float@box=\box61
\@float@everytoks=\toks33
\@floatcapt=\box62
) (/usr/local/texlive/2021/texmf-dist/tex/latex/subfigure/subfigure.sty
Package: subfigure 2002/03/15 v2.1.5 subfigure package
\subfigtopskip=\skip62
\subfigcapskip=\skip63
\subfigcaptopadj=\dimen184
\subfigbottomskip=\skip64
\subfigcapmargin=\dimen185
\subfiglabelskip=\skip65
\c@subfigure=\count293
\c@lofdepth=\count294
\c@subtable=\count295
\c@lotdepth=\count296

****************************************
* Local config file subfigure.cfg used *
****************************************
(/usr/local/texlive/2021/texmf-dist/tex/latex/subfigure/subfigure.cfg)
\subfig@top=\skip66
\subfig@bottom=\skip67
) (/usr/local/texlive/2021/texmf-dist/tex/latex/tcolorbox/tcolorbox.sty
Package: tcolorbox 2020/10/09 version 4.42 text color boxes
 (/usr/local/texlive/2021/texmf-dist/tex/latex/pgf/basiclayer/pgf.sty (/usr/local/texlive/2021/texmf-dist/tex/latex/pgf/utilities/pgfrcs.sty (/usr/local/texlive/2021/texmf-dist/tex/generic/pgf/utilities/pgfutil-common.tex
\pgfutil@everybye=\toks34
\pgfutil@tempdima=\dimen186
\pgfutil@tempdimb=\dimen187
 (/usr/local/texlive/2021/texmf-dist/tex/generic/pgf/utilities/pgfutil-common-lists.tex)) (/usr/local/texlive/2021/texmf-dist/tex/generic/pgf/utilities/pgfutil-latex.def
\pgfutil@abb=\box63
) (/usr/local/texlive/2021/texmf-dist/tex/generic/pgf/utilities/pgfrcs.code.tex (/usr/local/texlive/2021/texmf-dist/tex/generic/pgf/pgf.revision.tex)
Package: pgfrcs 2021/05/15 v3.1.9a (3.1.9a)
))
Package: pgf 2021/05/15 v3.1.9a (3.1.9a)
 (/usr/local/texlive/2021/texmf-dist/tex/latex/pgf/basiclayer/pgfcore.sty (/usr/local/texlive/2021/texmf-dist/tex/latex/pgf/systemlayer/pgfsys.sty (/usr/local/texlive/2021/texmf-dist/tex/generic/pgf/systemlayer/pgfsys.code.tex
Package: pgfsys 2021/05/15 v3.1.9a (3.1.9a)
 (/usr/local/texlive/2021/texmf-dist/tex/generic/pgf/utilities/pgfkeys.code.tex
\pgfkeys@pathtoks=\toks35
\pgfkeys@temptoks=\toks36

(/usr/local/texlive/2021/texmf-dist/tex/generic/pgf/utilities/pgfkeysfiltered.code.tex
\pgfkeys@tmptoks=\toks37
))
\pgf@x=\dimen188
\pgf@y=\dimen189
\pgf@xa=\dimen190
\pgf@ya=\dimen191
\pgf@xb=\dimen192
\pgf@yb=\dimen193
\pgf@xc=\dimen194
\pgf@yc=\dimen195
\pgf@xd=\dimen196
\pgf@yd=\dimen197
\w@pgf@writea=\write3
\r@pgf@reada=\read3
\c@pgf@counta=\count297
\c@pgf@countb=\count298
\c@pgf@countc=\count299
\c@pgf@countd=\count300
\t@pgf@toka=\toks38
\t@pgf@tokb=\toks39
\t@pgf@tokc=\toks40
\pgf@sys@id@count=\count301
 (/usr/local/texlive/2021/texmf-dist/tex/generic/pgf/systemlayer/pgf.cfg
File: pgf.cfg 2021/05/15 v3.1.9a (3.1.9a)
)
Driver file for pgf: pgfsys-pdftex.def
 (/usr/local/texlive/2021/texmf-dist/tex/generic/pgf/systemlayer/pgfsys-pdftex.def
File: pgfsys-pdftex.def 2021/05/15 v3.1.9a (3.1.9a)
 (/usr/local/texlive/2021/texmf-dist/tex/generic/pgf/systemlayer/pgfsys-common-pdf.def
File: pgfsys-common-pdf.def 2021/05/15 v3.1.9a (3.1.9a)
))) (/usr/local/texlive/2021/texmf-dist/tex/generic/pgf/systemlayer/pgfsyssoftpath.code.tex
File: pgfsyssoftpath.code.tex 2021/05/15 v3.1.9a (3.1.9a)
\pgfsyssoftpath@smallbuffer@items=\count302
\pgfsyssoftpath@bigbuffer@items=\count303
) (/usr/local/texlive/2021/texmf-dist/tex/generic/pgf/systemlayer/pgfsysprotocol.code.tex
File: pgfsysprotocol.code.tex 2021/05/15 v3.1.9a (3.1.9a)
)) (/usr/local/texlive/2021/texmf-dist/tex/generic/pgf/basiclayer/pgfcore.code.tex
Package: pgfcore 2021/05/15 v3.1.9a (3.1.9a)
 (/usr/local/texlive/2021/texmf-dist/tex/generic/pgf/math/pgfmath.code.tex (/usr/local/texlive/2021/texmf-dist/tex/generic/pgf/math/pgfmathcalc.code.tex (/usr/local/texlive/2021/texmf-dist/tex/generic/pgf/math/pgfmathutil.code.tex) (/usr/local/texlive/2021/texmf-dist/tex/generic/pgf/math/pgfmathparser.code.tex
\pgfmath@dimen=\dimen198
\pgfmath@count=\count304
\pgfmath@box=\box64
\pgfmath@toks=\toks41
\pgfmath@stack@operand=\toks42
\pgfmath@stack@operation=\toks43
) (/usr/local/texlive/2021/texmf-dist/tex/generic/pgf/math/pgfmathfunctions.code.tex
(/usr/local/texlive/2021/texmf-dist/tex/generic/pgf/math/pgfmathfunctions.basic.code.tex) (/usr/local/texlive/2021/texmf-dist/tex/generic/pgf/math/pgfmathfunctions.trigonometric.code.tex) (/usr/local/texlive/2021/texmf-dist/tex/generic/pgf/math/pgfmathfunctions.random.code.tex) (/usr/local/texlive/2021/texmf-dist/tex/generic/pgf/math/pgfmathfunctions.comparison.code.tex) (/usr/local/texlive/2021/texmf-dist/tex/generic/pgf/math/pgfmathfunctions.base.code.tex) (/usr/local/texlive/2021/texmf-dist/tex/generic/pgf/math/pgfmathfunctions.round.code.tex) (/usr/local/texlive/2021/texmf-dist/tex/generic/pgf/math/pgfmathfunctions.misc.code.tex) (/usr/local/texlive/2021/texmf-dist/tex/generic/pgf/math/pgfmathfunctions.integerarithmetics.code.tex))) (/usr/local/texlive/2021/texmf-dist/tex/generic/pgf/math/pgfmathfloat.code.tex
\c@pgfmathroundto@lastzeros=\count305
)) (/usr/local/texlive/2021/texmf-dist/tex/generic/pgf/math/pgfint.code.tex) (/usr/local/texlive/2021/texmf-dist/tex/generic/pgf/basiclayer/pgfcorepoints.code.tex
File: pgfcorepoints.code.tex 2021/05/15 v3.1.9a (3.1.9a)
\pgf@picminx=\dimen199
\pgf@picmaxx=\dimen256
\pgf@picminy=\dimen257
\pgf@picmaxy=\dimen258
\pgf@pathminx=\dimen259
\pgf@pathmaxx=\dimen260
\pgf@pathminy=\dimen261
\pgf@pathmaxy=\dimen262
\pgf@xx=\dimen263
\pgf@xy=\dimen264
\pgf@yx=\dimen265
\pgf@yy=\dimen266
\pgf@zx=\dimen267
\pgf@zy=\dimen268
)
(/usr/local/texlive/2021/texmf-dist/tex/generic/pgf/basiclayer/pgfcorepathconstruct.code.tex
File: pgfcorepathconstruct.code.tex 2021/05/15 v3.1.9a (3.1.9a)
\pgf@path@lastx=\dimen269
\pgf@path@lasty=\dimen270
) (/usr/local/texlive/2021/texmf-dist/tex/generic/pgf/basiclayer/pgfcorepathusage.code.tex
File: pgfcorepathusage.code.tex 2021/05/15 v3.1.9a (3.1.9a)
\pgf@shorten@end@additional=\dimen271
\pgf@shorten@start@additional=\dimen272
) (/usr/local/texlive/2021/texmf-dist/tex/generic/pgf/basiclayer/pgfcorescopes.code.tex
File: pgfcorescopes.code.tex 2021/05/15 v3.1.9a (3.1.9a)
\pgfpic=\box65
\pgf@hbox=\box66
\pgf@layerbox@main=\box67
\pgf@picture@serial@count=\count306
) (/usr/local/texlive/2021/texmf-dist/tex/generic/pgf/basiclayer/pgfcoregraphicstate.code.tex
File: pgfcoregraphicstate.code.tex 2021/05/15 v3.1.9a (3.1.9a)
\pgflinewidth=\dimen273
) (/usr/local/texlive/2021/texmf-dist/tex/generic/pgf/basiclayer/pgfcoretransformations.code.tex
File: pgfcoretransformations.code.tex 2021/05/15 v3.1.9a (3.1.9a)
\pgf@pt@x=\dimen274
\pgf@pt@y=\dimen275
\pgf@pt@temp=\dimen276
) (/usr/local/texlive/2021/texmf-dist/tex/generic/pgf/basiclayer/pgfcorequick.code.tex
File: pgfcorequick.code.tex 2021/05/15 v3.1.9a (3.1.9a)
) (/usr/local/texlive/2021/texmf-dist/tex/generic/pgf/basiclayer/pgfcoreobjects.code.tex
File: pgfcoreobjects.code.tex 2021/05/15 v3.1.9a (3.1.9a)
) (/usr/local/texlive/2021/texmf-dist/tex/generic/pgf/basiclayer/pgfcorepathprocessing.code.tex
File: pgfcorepathprocessing.code.tex 2021/05/15 v3.1.9a (3.1.9a)
) (/usr/local/texlive/2021/texmf-dist/tex/generic/pgf/basiclayer/pgfcorearrows.code.tex
File: pgfcorearrows.code.tex 2021/05/15 v3.1.9a (3.1.9a)
\pgfarrowsep=\dimen277
) (/usr/local/texlive/2021/texmf-dist/tex/generic/pgf/basiclayer/pgfcoreshade.code.tex
File: pgfcoreshade.code.tex 2021/05/15 v3.1.9a (3.1.9a)
\pgf@max=\dimen278
\pgf@sys@shading@range@num=\count307
\pgf@shadingcount=\count308
) (/usr/local/texlive/2021/texmf-dist/tex/generic/pgf/basiclayer/pgfcoreimage.code.tex
File: pgfcoreimage.code.tex 2021/05/15 v3.1.9a (3.1.9a)

(/usr/local/texlive/2021/texmf-dist/tex/generic/pgf/basiclayer/pgfcoreexternal.code.tex
File: pgfcoreexternal.code.tex 2021/05/15 v3.1.9a (3.1.9a)
\pgfexternal@startupbox=\box68
)) (/usr/local/texlive/2021/texmf-dist/tex/generic/pgf/basiclayer/pgfcorelayers.code.tex
File: pgfcorelayers.code.tex 2021/05/15 v3.1.9a (3.1.9a)
) (/usr/local/texlive/2021/texmf-dist/tex/generic/pgf/basiclayer/pgfcoretransparency.code.tex
File: pgfcoretransparency.code.tex 2021/05/15 v3.1.9a (3.1.9a)
) (/usr/local/texlive/2021/texmf-dist/tex/generic/pgf/basiclayer/pgfcorepatterns.code.tex
File: pgfcorepatterns.code.tex 2021/05/15 v3.1.9a (3.1.9a)
) (/usr/local/texlive/2021/texmf-dist/tex/generic/pgf/basiclayer/pgfcorerdf.code.tex
File: pgfcorerdf.code.tex 2021/05/15 v3.1.9a (3.1.9a)
))) (/usr/local/texlive/2021/texmf-dist/tex/generic/pgf/modules/pgfmoduleshapes.code.tex
File: pgfmoduleshapes.code.tex 2021/05/15 v3.1.9a (3.1.9a)
\pgfnodeparttextbox=\box69
) (/usr/local/texlive/2021/texmf-dist/tex/generic/pgf/modules/pgfmoduleplot.code.tex
File: pgfmoduleplot.code.tex 2021/05/15 v3.1.9a (3.1.9a)
) (/usr/local/texlive/2021/texmf-dist/tex/latex/pgf/compatibility/pgfcomp-version-0-65.sty
Package: pgfcomp-version-0-65 2021/05/15 v3.1.9a (3.1.9a)
\pgf@nodesepstart=\dimen279
\pgf@nodesepend=\dimen280
) (/usr/local/texlive/2021/texmf-dist/tex/latex/pgf/compatibility/pgfcomp-version-1-18.sty
Package: pgfcomp-version-1-18 2021/05/15 v3.1.9a (3.1.9a)
)) (/usr/local/texlive/2021/texmf-dist/tex/latex/tools/verbatim.sty
Package: verbatim 2020-07-07 v1.5u LaTeX2e package for verbatim enhancements
\every@verbatim=\toks44
\verbatim@line=\toks45
\verbatim@in@stream=\read4
) (/usr/local/texlive/2021/texmf-dist/tex/latex/environ/environ.sty
Package: environ 2014/05/04 v0.3 A new way to define environments
 (/usr/local/texlive/2021/texmf-dist/tex/latex/trimspaces/trimspaces.sty
Package: trimspaces 2009/09/17 v1.1 Trim spaces around a token list
)) (/usr/local/texlive/2021/texmf-dist/tex/latex/etoolbox/etoolbox.sty
Package: etoolbox 2020/10/05 v2.5k e-TeX tools for LaTeX (JAW)
\etb@tempcnta=\count309
)
\tcb@titlebox=\box70
\tcb@upperbox=\box71
\tcb@lowerbox=\box72
\tcb@phantombox=\box73
\c@tcbbreakpart=\count310
\c@tcblayer=\count311
\c@tcolorbox@number=\count312
\tcb@temp=\box74
\tcb@temp=\box75
\tcb@temp=\box76
\tcb@temp=\box77
\tcb@out=\write4
\tcb@record@out=\write5
) (/usr/local/texlive/2021/texmf-dist/tex/latex/geometry/geometry.sty
Package: geometry 2020/01/02 v5.9 Page Geometry
 (/usr/local/texlive/2021/texmf-dist/tex/generic/iftex/ifvtex.sty
Package: ifvtex 2019/10/25 v1.7 ifvtex legacy package. Use iftex instead.
 (/usr/local/texlive/2021/texmf-dist/tex/generic/iftex/iftex.sty
Package: iftex 2020/03/06 v1.0d TeX engine tests
))
\Gm@cnth=\count313
\Gm@cntv=\count314
\c@Gm@tempcnt=\count315
\Gm@bindingoffset=\dimen281
\Gm@wd@mp=\dimen282
\Gm@odd@mp=\dimen283
\Gm@even@mp=\dimen284
\Gm@layoutwidth=\dimen285
\Gm@layoutheight=\dimen286
\Gm@layouthoffset=\dimen287
\Gm@layoutvoffset=\dimen288
\Gm@dimlist=\toks46
) (/usr/local/texlive/2021/texmf-dist/tex/latex/fancyhdr/fancyhdr.sty
Package: fancyhdr 2021/01/28 v4.0.1 Extensive control of page headers and footers
\f@nch@headwidth=\skip68
\f@nch@O@elh=\skip69
\f@nch@O@erh=\skip70
\f@nch@O@olh=\skip71
\f@nch@O@orh=\skip72
\f@nch@O@elf=\skip73
\f@nch@O@erf=\skip74
\f@nch@O@olf=\skip75
\f@nch@O@orf=\skip76
) (/usr/local/texlive/2021/texmf-dist/tex/latex/tools/multicol.sty
Package: multicol 2019/12/09 v1.8y multicolumn formatting (FMi)
\c@tracingmulticols=\count316
\mult@box=\box78
\multicol@leftmargin=\dimen289
\c@unbalance=\count317
\c@collectmore=\count318
\doublecol@number=\count319
\multicoltolerance=\count320
\multicolpretolerance=\count321
\full@width=\dimen290
\page@free=\dimen291
\premulticols=\dimen292
\postmulticols=\dimen293
\multicolsep=\skip77
\multicolbaselineskip=\skip78
\partial@page=\box79
\last@line=\box80
\maxbalancingoverflow=\dimen294
\mult@rightbox=\box81
\mult@grightbox=\box82
\mult@gfirstbox=\box83
\mult@firstbox=\box84
\@tempa=\box85
\@tempa=\box86
\@tempa=\box87
\@tempa=\box88
\@tempa=\box89
\@tempa=\box90
\@tempa=\box91
\@tempa=\box92
\@tempa=\box93
\@tempa=\box94
\@tempa=\box95
\@tempa=\box96
\@tempa=\box97
\@tempa=\box98
\@tempa=\box99
\@tempa=\box100
\@tempa=\box101
\@tempa=\box102
\@tempa=\box103
\@tempa=\box104
\@tempa=\box105
\@tempa=\box106
\@tempa=\box107
\@tempa=\box108
\@tempa=\box109
\@tempa=\box110
\@tempa=\box111
\@tempa=\box112
\@tempa=\box113
\@tempa=\box114
\@tempa=\box115
\@tempa=\box116
\@tempa=\box117
\@tempa=\box118
\@tempa=\box119
\@tempa=\box120
\@tempa=\box121
\c@minrows=\count322
\c@columnbadness=\count323
\c@finalcolumnbadness=\count324
\last@try=\dimen295
\multicolovershoot=\dimen296
\multicolundershoot=\dimen297
\mult@nat@firstbox=\box122
\colbreak@box=\box123
\mc@col@check@num=\count325
) (/usr/local/texlive/2021/texmf-dist/tex/latex/tools/enumerate.sty
Package: enumerate 2015/07/23 v3.00 enumerate extensions (DPC)
\@enLab=\toks47
) (/usr/local/texlive/2021/texmf-dist/tex/latex/tools/indentfirst.sty
Package: indentfirst 1995/11/23 v1.03 Indent first paragraph (DPC)
) (/usr/local/texlive/2021/texmf-dist/tex/latex/caption/caption.sty
Package: caption 2020/10/26 v3.5g Customizing captions (AR)
 (/usr/local/texlive/2021/texmf-dist/tex/latex/caption/caption3.sty
Package: caption3 2020/10/21 v2.2e caption3 kernel (AR)
\captionmargin=\dimen298
\captionmargin@=\dimen299
\captionwidth=\dimen300
\caption@tempdima=\dimen301
\caption@indent=\dimen302
\caption@parindent=\dimen303
\caption@hangindent=\dimen304
Package caption Info: Standard document class detected.
)
\c@caption@flags=\count326
\c@continuedfloat=\count327
Package caption Info: float package is loaded.
Package caption Info: subfigure package is loaded.
) (./main.aux
LaTeX Info: Redefining \. on input line 8.
LaTeX Info: Redefining \% on input line 8.
)
\openout1 = `main.aux'.

LaTeX Font Info:    Checking defaults for OML/cmm/m/it on input line 92.
LaTeX Font Info:    ... okay on input line 92.
LaTeX Font Info:    Checking defaults for OMS/cmsy/m/n on input line 92.
LaTeX Font Info:    ... okay on input line 92.
LaTeX Font Info:    Checking defaults for OT1/cmr/m/n on input line 92.
LaTeX Font Info:    ... okay on input line 92.
LaTeX Font Info:    Checking defaults for T1/cmr/m/n on input line 92.
LaTeX Font Info:    ... okay on input line 92.
LaTeX Font Info:    Checking defaults for TS1/cmr/m/n on input line 92.
LaTeX Font Info:    ... okay on input line 92.
LaTeX Font Info:    Checking defaults for OMX/cmex/m/n on input line 92.
LaTeX Font Info:    ... okay on input line 92.
LaTeX Font Info:    Checking defaults for U/cmr/m/n on input line 92.
LaTeX Font Info:    ... okay on input line 92.
LaTeX Info: Redefining \. on input line 92.
LaTeX Info: Redefining \% on input line 92.
 (/usr/local/texlive/2021/texmf-dist/tex/context/base/mkii/supp-pdf.mkii
[Loading MPS to PDF converter (version 2006.09.02).]
\scratchcounter=\count328
\scratchdimen=\dimen305
\scratchbox=\box124
\nofMPsegments=\count329
\nofMParguments=\count330
\everyMPshowfont=\toks48
\MPscratchCnt=\count331
\MPscratchDim=\dimen306
\MPnumerator=\count332
\makeMPintoPDFobject=\count333
\everyMPtoPDFconversion=\toks49
) (/usr/local/texlive/2021/texmf-dist/tex/latex/epstopdf-pkg/epstopdf-base.sty
Package: epstopdf-base 2020-01-24 v2.11 Base part for package epstopdf
Package epstopdf-base Info: Redefining graphics rule for `.eps' on input line 485.
 (/usr/local/texlive/2021/texmf-dist/tex/latex/latexconfig/epstopdf-sys.cfg
File: epstopdf-sys.cfg 2010/07/13 v1.3 Configuration of (r)epstopdf for TeX Live
)) (/usr/local/texlive/2021/texmf-dist/tex/latex/siunitx/siunitx-abbreviations.cfg
File: siunitx-abbreviations.cfg 2021-04-17 v2.8e siunitx: Abbreviated units
) (/usr/local/texlive/2021/texmf-dist/tex/latex/translator/translator-basic-dictionary-English.dict
Dictionary: translator-basic-dictionary, Language: English 
)
*geometry* driver: auto-detecting
*geometry* detected driver: pdftex
*geometry* verbose mode - [ preamble ] result:
* driver: pdftex
* paper: a4paper
* layout: <same size as paper>
* layoutoffset:(h,v)=(0.0pt,0.0pt)
* modes: twoside 
* h-part:(L,W,R)=(56.9055pt, 483.69687pt, 56.9055pt)
* v-part:(T,H,B)=(71.13188pt, 717.00946pt, 56.9055pt)
* \paperwidth=597.50787pt
* \paperheight=845.04684pt
* \textwidth=483.69687pt
* \textheight=717.00946pt
* \oddsidemargin=-15.36449pt
* \evensidemargin=-15.36449pt
* \topmargin=-33.0119pt
* \headheight=16.0pt
* \headsep=19.8738pt
* \topskip=12.0pt
* \footskip=30.0pt
* \marginparwidth=98.0pt
* \marginparsep=7.0pt
* \columnsep=10.0pt
* \skip\footins=10.8pt plus 4.0pt minus 2.0pt
* \hoffset=0.0pt
* \voffset=0.0pt
* \mag=1000
* \@twocolumnfalse
* \@twosidetrue
* \@mparswitchtrue
* \@reversemarginfalse
* (1in=72.27pt=25.4mm, 1cm=28.453pt)

Package caption Info: Begin \AtBeginDocument code.
Package caption Info: End \AtBeginDocument code.
LaTeX Font Info:    Trying to load font information for U+msa on input line 92.
(/usr/local/texlive/2021/texmf-dist/tex/latex/amsfonts/umsa.fd
File: umsa.fd 2013/01/14 v3.01 AMS symbols A
)
LaTeX Font Info:    Trying to load font information for U+msb on input line 92.
 (/usr/local/texlive/2021/texmf-dist/tex/latex/amsfonts/umsb.fd
File: umsb.fd 2013/01/14 v3.01 AMS symbols B
)
LaTeX Font Info:    Trying to load font information for U+esint on input line 92.
 (/usr/local/texlive/2021/texmf-dist/tex/latex/esint/uesint.fd
File: uesint.fd 
) [1


{/usr/local/texlive/2021/texmf-var/fonts/map/pdftex/updmap/pdftex.map}] [2

] (./main.toc
LaTeX Info: Redefining \. on input line 1.
LaTeX Info: Redefining \% on input line 1.
 [1

] [2])
\tf@toc=\write6
\openout6 = `main.toc'.

 [3] [4]
Cap\'{\i }tulo 1.
(./caps/D1.tex [1


]
<figs/D1/SCF.png, id=41, 1230.5975pt x 394.47375pt>
File: figs/D1/SCF.png Graphic file (type png)
<use figs/D1/SCF.png>
Package pdftex.def Info: figs/D1/SCF.png  used on input line 54.
(pdftex.def)             Requested size: 492.23029pt x 157.7867pt.

Overfull \hbox (8.53342pt too wide) in paragraph at lines 54--55
 [][] 
 []

[2] [3 <./figs/D1/SCF.png>]
LaTeX Font Info:    Calculating math sizes for size <8.4> on input line 94.


LaTeX Font Warning: Font shape `OT1/cmr/m/n' in size <4.2> not available
(Font)              size <5> substituted on input line 94.


LaTeX Font Warning: Font shape `OML/cmm/m/it' in size <4.2> not available
(Font)              size <5> substituted on input line 94.


LaTeX Font Warning: Font shape `OMS/cmsy/m/n' in size <4.2> not available
(Font)              size <5> substituted on input line 94.


LaTeX Font Warning: Font shape `OT1/cmss/m/n' in size <4.2> not available
(Font)              size <5> substituted on input line 94.


LaTeX Font Warning: Font shape `OT1/cmtt/m/n' in size <4.2> not available
(Font)              size <5> substituted on input line 94.

<figs/D1/FT_1D.png, id=51, 1060.96375pt x 211.79124pt>
File: figs/D1/FT_1D.png Graphic file (type png)
<use figs/D1/FT_1D.png>
Package pdftex.def Info: figs/D1/FT_1D.png  used on input line 99.
(pdftex.def)             Requested size: 424.37798pt x 84.715pt.
<figs/D1/FT_1D_min.png, id=52, 1076.02pt x 306.14375pt>
File: figs/D1/FT_1D_min.png Graphic file (type png)
<use figs/D1/FT_1D_min.png>
Package pdftex.def Info: figs/D1/FT_1D_min.png  used on input line 110.
(pdftex.def)             Requested size: 430.40038pt x 122.45532pt.

Underfull \vbox (badness 1983) has occurred while \output is active []

 [4 <./figs/D1/FT_1D.png>]
<figs/D1/FT_2D_inf.png, id=58, 462.72874pt x 449.68pt>
File: figs/D1/FT_2D_inf.png Graphic file (type png)
<use figs/D1/FT_2D_inf.png>
Package pdftex.def Info: figs/D1/FT_2D_inf.png  used on input line 131.
(pdftex.def)             Requested size: 138.81969pt x 134.90503pt.
<figs/D1/FT_2D_Gmax.png, id=59, 462.72874pt x 442.65375pt>
File: figs/D1/FT_2D_Gmax.png Graphic file (type png)
<use figs/D1/FT_2D_Gmax.png>
Package pdftex.def Info: figs/D1/FT_2D_Gmax.png  used on input line 132.
(pdftex.def)             Requested size: 138.81969pt x 132.79713pt.
<figs/D1/FT_2D_fin.png, id=60, 461.725pt x 446.66875pt>
File: figs/D1/FT_2D_fin.png Graphic file (type png)
<use figs/D1/FT_2D_fin.png>
Package pdftex.def Info: figs/D1/FT_2D_fin.png  used on input line 133.
(pdftex.def)             Requested size: 138.51857pt x 134.00165pt.

Underfull \vbox (badness 10000) has occurred while \output is active []

 [5 <./figs/D1/FT_1D_min.png>] [6 <./figs/D1/FT_2D_inf.png> <./figs/D1/FT_2D_Gmax.png> <./figs/D1/FT_2D_fin.png>]
File: figs/D1/FT_2D_Gmax.png Graphic file (type png)
<use figs/D1/FT_2D_Gmax.png>
Package pdftex.def Info: figs/D1/FT_2D_Gmax.png  used on input line 175.
(pdftex.def)             Requested size: 138.81969pt x 132.79713pt.
<figs/D1/kg_1.png, id=73, 470.75874pt x 420.57124pt>
File: figs/D1/kg_1.png Graphic file (type png)
<use figs/D1/kg_1.png>
Package pdftex.def Info: figs/D1/kg_1.png  used on input line 176.
(pdftex.def)             Requested size: 141.22871pt x 126.17235pt.
<figs/D1/kg_2.png, id=74, 452.69125pt x 408.52625pt>
File: figs/D1/kg_2.png Graphic file (type png)
<use figs/D1/kg_2.png>
Package pdftex.def Info: figs/D1/kg_2.png  used on input line 177.
(pdftex.def)             Requested size: 135.80841pt x 122.55882pt.
<figs/D1/1BZ.png, id=75, 459.7175pt x 434.62375pt>
File: figs/D1/1BZ.png Graphic file (type png)
<use figs/D1/1BZ.png>
Package pdftex.def Info: figs/D1/1BZ.png  used on input line 178.
(pdftex.def)             Requested size: 137.9163pt x 130.38812pt.
 [7 <./figs/D1/kg_1.png> <./figs/D1/kg_2.png> <./figs/D1/1BZ.png>]
<figs/D1/noshift.png, id=83, 321.2pt x 309.155pt>
File: figs/D1/noshift.png Graphic file (type png)
<use figs/D1/noshift.png>
Package pdftex.def Info: figs/D1/noshift.png  used on input line 191.
(pdftex.def)             Requested size: 128.47772pt x 123.6598pt.
<figs/D1/shift.png, id=84, 328.22626pt x 305.14pt>
File: figs/D1/shift.png Graphic file (type png)
<use figs/D1/shift.png>
Package pdftex.def Info: figs/D1/shift.png  used on input line 192.
(pdftex.def)             Requested size: 131.28816pt x 122.05382pt.
 [8 <./figs/D1/noshift.png> <./figs/D1/shift.png>]
<figs/D1/pseudo.png, id=90, 526.96875pt x 239.89626pt>
File: figs/D1/pseudo.png Graphic file (type png)
<use figs/D1/pseudo.png>
Package pdftex.def Info: figs/D1/pseudo.png  used on input line 217.
(pdftex.def)             Requested size: 316.18369pt x 143.93886pt.

Overfull \hbox (9.4369pt too wide) in paragraph at lines 222--223
[]\OT1/cmr/m/n/12 La con-di-ci^^Son ne-ce-sa-ria pa-ra que el pseu-do-po-ten-cial sea trans-fe-ri-ble es que sea norm-conserving,
 []

<figs/D1/pseudoo.png, id=91, 319.1925pt x 238.8925pt>
File: figs/D1/pseudoo.png Graphic file (type png)
<use figs/D1/pseudoo.png>
Package pdftex.def Info: figs/D1/pseudoo.png  used on input line 236.
(pdftex.def)             Requested size: 191.51697pt x 143.3366pt.
[9 <./figs/D1/pseudo.png>] [10 <./figs/D1/pseudoo.png>] [11] [12]
Overfull \hbox (27.32806pt too wide) in paragraph at lines 349--349
 []          \OT1/cmtt/m/n/12 xcrysden --xsf psi2.benzene_K001_B005.xsf --script MO-state.xcrysden 
 []

[13]
Overfull \hbox (2.2128pt too wide) in paragraph at lines 369--370
\OT1/cmr/m/n/12 unos ar-chi-vos que per-mi-ten que vim las de-tec-te (https://github.com/leseixas/quantum[]espresso-
 []

[14]
<figs/D1/psi2.benzene.png, id=114, 668.4975pt x 672.5125pt>
File: figs/D1/psi2.benzene.png Graphic file (type png)
<use figs/D1/psi2.benzene.png>
Package pdftex.def Info: figs/D1/psi2.benzene.png  used on input line 404.
(pdftex.def)             Requested size: 267.39426pt x 269.00023pt.
 [15 <./figs/D1/psi2.benzene.png>] [16]
<figs/D1/dos.png, id=121, 481.8pt x 361.35pt>
File: figs/D1/dos.png Graphic file (type png)
<use figs/D1/dos.png>
Package pdftex.def Info: figs/D1/dos.png  used on input line 487.
(pdftex.def)             Requested size: 289.08221pt x 216.81168pt.
<figs/D1/bandas.png, id=122, 481.8pt x 361.35pt>
File: figs/D1/bandas.png Graphic file (type png)
<use figs/D1/bandas.png>
Package pdftex.def Info: figs/D1/bandas.png  used on input line 495.
(pdftex.def)             Requested size: 289.08221pt x 216.81168pt.
) [17 <./figs/D1/dos.png (PNG copy)> <./figs/D1/bandas.png (PNG copy)>] [18]
Cap\'{\i }tulo 2.
(./caps/D2.tex [19

]
<figs/D2/FFT.png, id=133, 628.3475pt x 392.46625pt>
File: figs/D2/FFT.png Graphic file (type png)
<use figs/D2/FFT.png>
Package pdftex.def Info: figs/D2/FFT.png  used on input line 60.
(pdftex.def)             Requested size: 377.0114pt x 235.48155pt.

Underfull \vbox (badness 1596) has occurred while \output is active []

 [20] [21 <./figs/D2/FFT.png>] [22] [23] [24]
Overfull \hbox (358.91829pt too wide) in paragraph at lines 220--221
[]\OT1/cmr/m/n/12 You might want to look at chap-ter 4 of Mar-za-ri's PhD the-sis, from he-re http://theossrv1.epfl.ch/Main/Theses?action=download&upname=Marzari[]thesis[]1996.pdf 
 []

[25]
<figs/D2/smearing.png, id=155, 826.08624pt x 442.65375pt>
File: figs/D2/smearing.png Graphic file (type png)
<use figs/D2/smearing.png>
Package pdftex.def Info: figs/D2/smearing.png  used on input line 248.
(pdftex.def)             Requested size: 495.65556pt x 265.59428pt.

Overfull \hbox (29.58351pt too wide) in paragraph at lines 248--249
[][] 
 []

[26 <./figs/D2/smearing.png>] [27] [28]
<figs/D2/shellvspwtk.png, id=166, 1185.42876pt x 540.0175pt>
File: figs/D2/shellvspwtk.png Graphic file (type png)
<use figs/D2/shellvspwtk.png>
Package pdftex.def Info: figs/D2/shellvspwtk.png  used on input line 367.
(pdftex.def)             Requested size: 474.1631pt x 216.00316pt.
 [29 <./figs/D2/shellvspwtk.png>]
<figs/D2/Si_ecutwfc.png, id=171, 481.8pt x 361.35pt>
File: figs/D2/Si_ecutwfc.png Graphic file (type png)
<use figs/D2/Si_ecutwfc.png>
Package pdftex.def Info: figs/D2/Si_ecutwfc.png  used on input line 399.
(pdftex.def)             Requested size: 289.08221pt x 216.81168pt.

Underfull \vbox (badness 2573) has occurred while \output is active []

 [30]
<figs/D2/Si_k.png, id=175, 481.8pt x 361.35pt>
File: figs/D2/Si_k.png Graphic file (type png)
<use figs/D2/Si_k.png>
Package pdftex.def Info: figs/D2/Si_k.png  used on input line 412.
(pdftex.def)             Requested size: 289.08221pt x 216.81168pt.
 [31 <./figs/D2/Si_ecutwfc.png (PNG copy)> <./figs/D2/Si_k.png (PNG copy)>]
<figs/D2/Si_alat.png, id=180, 481.8pt x 361.35pt>
File: figs/D2/Si_alat.png Graphic file (type png)
<use figs/D2/Si_alat.png>
Package pdftex.def Info: figs/D2/Si_alat.png  used on input line 428.
(pdftex.def)             Requested size: 289.08221pt x 216.81168pt.
<figs/D2/Si_mur.png, id=181, 809.0225pt x 310.15875pt>
File: figs/D2/Si_mur.png Graphic file (type png)
<use figs/D2/Si_mur.png>
Package pdftex.def Info: figs/D2/Si_mur.png  used on input line 434.
(pdftex.def)             Requested size: 485.41725pt x 186.09668pt.

Overfull \hbox (1.72038pt too wide) in paragraph at lines 434--435
 [][] 
 []

<figs/D2/Si_bands.png, id=182, 481.8pt x 361.35pt>
File: figs/D2/Si_bands.png Graphic file (type png)
<use figs/D2/Si_bands.png>
Package pdftex.def Info: figs/D2/Si_bands.png  used on input line 442.
(pdftex.def)             Requested size: 289.08221pt x 216.81168pt.
[32 <./figs/D2/Si_alat.png (PNG copy)> <./figs/D2/Si_mur.png>]
<figs/D2/alat/12.png, id=187, 405.515pt x 250.9375pt>
File: figs/D2/alat/12.png Graphic file (type png)
<use figs/D2/alat/12.png>
Package pdftex.def Info: figs/D2/alat/12.png  used on input line 456.
(pdftex.def)             Requested size: 223.03392pt x 138.01604pt.
<figs/D2/alat/16.png, id=188, 405.515pt x 250.9375pt>
File: figs/D2/alat/16.png Graphic file (type png)
<use figs/D2/alat/16.png>
Package pdftex.def Info: figs/D2/alat/16.png  used on input line 457.
(pdftex.def)             Requested size: 223.03392pt x 138.01604pt.
<figs/D2/alat/20.png, id=189, 405.515pt x 250.9375pt>
File: figs/D2/alat/20.png Graphic file (type png)
<use figs/D2/alat/20.png>
Package pdftex.def Info: figs/D2/alat/20.png  used on input line 458.
(pdftex.def)             Requested size: 223.03392pt x 138.01604pt.
<figs/D2/alat/24.png, id=190, 405.515pt x 250.9375pt>
File: figs/D2/alat/24.png Graphic file (type png)
<use figs/D2/alat/24.png>
Package pdftex.def Info: figs/D2/alat/24.png  used on input line 459.
(pdftex.def)             Requested size: 223.03392pt x 138.01604pt.
<figs/D2/alat/28.png, id=191, 405.515pt x 250.9375pt>
File: figs/D2/alat/28.png Graphic file (type png)
<use figs/D2/alat/28.png>
Package pdftex.def Info: figs/D2/alat/28.png  used on input line 460.
(pdftex.def)             Requested size: 223.03392pt x 138.01604pt.
<figs/D2/alat/32.png, id=192, 405.515pt x 250.9375pt>
File: figs/D2/alat/32.png Graphic file (type png)
<use figs/D2/alat/32.png>
Package pdftex.def Info: figs/D2/alat/32.png  used on input line 461.
(pdftex.def)             Requested size: 223.03392pt x 138.01604pt.
<figs/D2/alat/36.png, id=193, 405.515pt x 250.9375pt>
File: figs/D2/alat/36.png Graphic file (type png)
<use figs/D2/alat/36.png>
Package pdftex.def Info: figs/D2/alat/36.png  used on input line 462.
(pdftex.def)             Requested size: 223.03392pt x 138.01604pt.
<figs/D2/alat/40.png, id=194, 405.515pt x 250.9375pt>
File: figs/D2/alat/40.png Graphic file (type png)
<use figs/D2/alat/40.png>
Package pdftex.def Info: figs/D2/alat/40.png  used on input line 463.
(pdftex.def)             Requested size: 223.03392pt x 138.01604pt.

Underfull \vbox (badness 10000) has occurred while \output is active []

 [33 <./figs/D2/Si_bands.png (PNG copy)>]
Underfull \vbox (badness 10000) has occurred while \output is active []

 [34 <./figs/D2/alat/12.png> <./figs/D2/alat/16.png> <./figs/D2/alat/20.png> <./figs/D2/alat/24.png> <./figs/D2/alat/28.png> <./figs/D2/alat/32.png> <./figs/D2/alat/36.png> <./figs/D2/alat/40.png>]
Overfull \hbox (59.35275pt too wide) in paragraph at lines 494--494
 []              \OT1/cmtt/m/n/12 xcrysden --xsf all-electron-VALENCE-chdens.xsf -s state2.xcrysden[] 
 []


Overfull \hbox (53.17775pt too wide) in paragraph at lines 495--495
 []              \OT1/cmtt/m/n/12 xcrysden --xsf all-electron-total-chdens.xsf  -s state2.xcrysden[] 
 []

<figs/D2/Al_gauss.png, id=209, 481.8pt x 361.35pt>
File: figs/D2/Al_gauss.png Graphic file (type png)
<use figs/D2/Al_gauss.png>
Package pdftex.def Info: figs/D2/Al_gauss.png  used on input line 512.
(pdftex.def)             Requested size: 216.80798pt x 162.60599pt.
<figs/D2/Al_mv.png, id=210, 481.8pt x 361.35pt>
File: figs/D2/Al_mv.png Graphic file (type png)
<use figs/D2/Al_mv.png>
Package pdftex.def Info: figs/D2/Al_mv.png  used on input line 513.
(pdftex.def)             Requested size: 216.80798pt x 162.60599pt.
<figs/D2/Al_mp.png, id=211, 481.8pt x 361.35pt>
File: figs/D2/Al_mp.png Graphic file (type png)
<use figs/D2/Al_mp.png>
Package pdftex.def Info: figs/D2/Al_mp.png  used on input line 514.
(pdftex.def)             Requested size: 216.80798pt x 162.60599pt.
[35]
<figs/D2/Al_chdens1.png, id=215, 665.48625pt x 663.47874pt>
File: figs/D2/Al_chdens1.png Graphic file (type png)
<use figs/D2/Al_chdens1.png>
Package pdftex.def Info: figs/D2/Al_chdens1.png  used on input line 528.
(pdftex.def)             Requested size: 232.92368pt x 232.22102pt.
<figs/D2/Al_chdens2_val.png, id=216, 661.47125pt x 659.46375pt>
File: figs/D2/Al_chdens2_val.png Graphic file (type png)
<use figs/D2/Al_chdens2_val.png>
Package pdftex.def Info: figs/D2/Al_chdens2_val.png  used on input line 529.
(pdftex.def)             Requested size: 231.5184pt x 230.81577pt.
<figs/D2/Al_chdens2_total.png, id=217, 643.40375pt x 656.4525pt>
File: figs/D2/Al_chdens2_total.png Graphic file (type png)
<use figs/D2/Al_chdens2_total.png>
Package pdftex.def Info: figs/D2/Al_chdens2_total.png  used on input line 530.
(pdftex.def)             Requested size: 225.19469pt x 229.76181pt.

Underfull \vbox (badness 10000) has occurred while \output is active []

 [36 <./figs/D2/Al_gauss.png (PNG copy)> <./figs/D2/Al_mv.png (PNG copy)> <./figs/D2/Al_mp.png (PNG copy)>]
Underfull \vbox (badness 10000) has occurred while \output is active []

 [37 <./figs/D2/Al_chdens1.png> <./figs/D2/Al_chdens2_val.png> <./figs/D2/Al_chdens2_total.png>]
<figs/D2/Fe_diff.png, id=228, 331.2375pt x 507.8975pt>
File: figs/D2/Fe_diff.png Graphic file (type png)
<use figs/D2/Fe_diff.png>
Package pdftex.def Info: figs/D2/Fe_diff.png  used on input line 572.
(pdftex.def)             Requested size: 149.05548pt x 228.55176pt.
 [38 <./figs/D2/Fe_diff.png>]
<figs/D2/Fe_fm_dual.png, id=233, 481.8pt x 361.35pt>
File: figs/D2/Fe_fm_dual.png Graphic file (type png)
<use figs/D2/Fe_fm_dual.png>
Package pdftex.def Info: figs/D2/Fe_fm_dual.png  used on input line 584.
(pdftex.def)             Requested size: 216.80798pt x 162.60599pt.
<figs/D2/Fe_DOS.png, id=234, 481.8pt x 361.35pt>
File: figs/D2/Fe_DOS.png Graphic file (type png)
<use figs/D2/Fe_DOS.png>
Package pdftex.def Info: figs/D2/Fe_DOS.png  used on input line 598.
(pdftex.def)             Requested size: 240.8994pt x 180.67456pt.
<figs/D2/Fe_PDOS.png, id=235, 481.8pt x 361.35pt>
File: figs/D2/Fe_PDOS.png Graphic file (type png)
<use figs/D2/Fe_PDOS.png>
Package pdftex.def Info: figs/D2/Fe_PDOS.png  used on input line 599.
(pdftex.def)             Requested size: 240.8994pt x 180.67456pt.
) [39 <./figs/D2/Fe_fm_dual.png (PNG copy)>] [40 <./figs/D2/Fe_DOS.png (PNG copy)> <./figs/D2/Fe_PDOS.png (PNG copy)>]
Cap\'{\i }tulo 3.
(./caps/D3.tex [41

] [42]
<figs/D3/smooth.png, id=248, 401.5pt x 389.455pt>
File: figs/D3/smooth.png Graphic file (type png)
<use figs/D3/smooth.png>
Package pdftex.def Info: figs/D3/smooth.png  used on input line 73.
(pdftex.def)             Requested size: 240.90184pt x 233.67479pt.
 [43 <./figs/D3/smooth.png>] [44] [45] [46]
<figs/D3/saddle.png, id=264, 1109.14375pt x 449.68pt>
File: figs/D3/saddle.png Graphic file (type png)
<use figs/D3/saddle.png>
Package pdftex.def Info: figs/D3/saddle.png  used on input line 210.
(pdftex.def)             Requested size: 443.64964pt x 179.8688pt.
 [47 <./figs/D3/saddle.png>]
<figs/D3/NEB_2a.png, id=269, 522.95375pt x 520.94624pt>
File: figs/D3/NEB_2a.png Graphic file (type png)
<use figs/D3/NEB_2a.png>
Package pdftex.def Info: figs/D3/NEB_2a.png  used on input line 233.
(pdftex.def)             Requested size: 156.88733pt x 156.28508pt.
<figs/D3/NEB_2b.png, id=270, 573.14125pt x 410.53375pt>
File: figs/D3/NEB_2b.png Graphic file (type png)
<use figs/D3/NEB_2b.png>
Package pdftex.def Info: figs/D3/NEB_2b.png  used on input line 234.
(pdftex.def)             Requested size: 143.28496pt x 102.63318pt.
<figs/D3/NEB_2c.png, id=271, 518.93875pt x 518.93875pt>
File: figs/D3/NEB_2c.png Graphic file (type png)
<use figs/D3/NEB_2c.png>
Package pdftex.def Info: figs/D3/NEB_2c.png  used on input line 235.
(pdftex.def)             Requested size: 155.68282pt x 155.68282pt.
<figs/D3/disc_a.png, id=272, 683.55376pt x 383.4325pt>
File: figs/D3/disc_a.png Graphic file (type png)
<use figs/D3/disc_a.png>
Package pdftex.def Info: figs/D3/disc_a.png  used on input line 244.
(pdftex.def)             Requested size: 205.0677pt x 115.03062pt.
<figs/D3/disc_b.png, id=273, 693.59125pt x 361.35pt>
File: figs/D3/disc_b.png Graphic file (type png)
<use figs/D3/disc_b.png>
Package pdftex.def Info: figs/D3/disc_b.png  used on input line 245.
(pdftex.def)             Requested size: 208.07898pt x 108.40584pt.
<figs/D3/disc_c.png, id=274, 670.505pt x 216.81pt>
File: figs/D3/disc_c.png Graphic file (type png)
<use figs/D3/disc_c.png>
Package pdftex.def Info: figs/D3/disc_c.png  used on input line 246.
(pdftex.def)             Requested size: 234.68027pt x 75.88463pt.

Underfull \vbox (badness 10000) has occurred while \output is active []

 [48 <./figs/D3/NEB_2a.png> <./figs/D3/NEB_2b.png> <./figs/D3/NEB_2c.png>]
File: figs/D3/disc_a.png Graphic file (type png)
<use figs/D3/disc_a.png>
Package pdftex.def Info: figs/D3/disc_a.png  used on input line 261.
(pdftex.def)             Requested size: 273.41666pt x 153.37029pt.
 [49 <./figs/D3/disc_a.png> <./figs/D3/disc_b.png> <./figs/D3/disc_c.png>]
<figs/D3/inter.png, id=288, 501.875pt x 502.87875pt>
File: figs/D3/inter.png Graphic file (type png)
<use figs/D3/inter.png>
Package pdftex.def Info: figs/D3/inter.png  used on input line 274.
(pdftex.def)             Requested size: 200.74643pt x 201.14793pt.
<figs/D3/climb.png, id=289, 517.935pt x 510.90875pt>
File: figs/D3/climb.png Graphic file (type png)
<use figs/D3/climb.png>
Package pdftex.def Info: figs/D3/climb.png  used on input line 285.
(pdftex.def)             Requested size: 207.17032pt x 204.35988pt.
 [50 <./figs/D3/inter.png> <./figs/D3/climb.png>]
<figs/D3/nebx.png, id=295, 713.66624pt x 215.80624pt>
File: figs/D3/nebx.png Graphic file (type png)
<use figs/D3/nebx.png>
Package pdftex.def Info: figs/D3/nebx.png  used on input line 296.
(pdftex.def)             Requested size: 285.46143pt x 86.32095pt.
<figs/D3/nebx_2.png, id=296, 731.73375pt x 415.5525pt>
File: figs/D3/nebx_2.png Graphic file (type png)
<use figs/D3/nebx_2.png>
Package pdftex.def Info: figs/D3/nebx_2.png  used on input line 303.
(pdftex.def)             Requested size: 292.68831pt x 166.21805pt.
<figs/D3/pwx.png, id=297, 671.50874pt x 551.05875pt>
File: figs/D3/pwx.png Graphic file (type png)
<use figs/D3/pwx.png>
Package pdftex.def Info: figs/D3/pwx.png  used on input line 310.
(pdftex.def)             Requested size: 268.59874pt x 220.41959pt.
 [51 <./figs/D3/nebx.png> <./figs/D3/nebx_2.png> <./figs/D3/pwx.png>]
<figs/D3/nebxout.png, id=304, 755.82375pt x 424.58624pt>
File: figs/D3/nebxout.png Graphic file (type png)
<use figs/D3/nebxout.png>
Package pdftex.def Info: figs/D3/nebxout.png  used on input line 319.
(pdftex.def)             Requested size: 377.91095pt x 212.2926pt.

Overfull \hbox (10.36449pt too wide) in paragraph at lines 329--330
[]\OT1/cmr/m/n/12 Usar es-ta-dos ini-cial y fi-nal ya re-la-ja-dos. En es-te sen-ti-do, no con-vie-ne uti-li-zar $\OML/cmm/m/it/12 first[]last[]opt \OT1/cmr/m/n/12 =
 []

<figs/D3/dryrun.png, id=305, 406.51875pt x 276.03125pt>
File: figs/D3/dryrun.png Graphic file (type png)
<use figs/D3/dryrun.png>
Package pdftex.def Info: figs/D3/dryrun.png  used on input line 337.
(pdftex.def)             Requested size: 284.56117pt x 193.22055pt.
[52 <./figs/D3/nebxout.png> <./figs/D3/dryrun.png>]
Overfull \hbox (9.33406pt too wide) in paragraph at lines 345--346
[]\OT1/cmr/m/n/12 Es con-ve-nien-te cal-cu-lar un pa-so ele-men-tal a la vez (una ^^Suni-ca sadd-le). La op-ci^^Son $\OML/cmm/m/it/12 CI[]scheme \OT1/cmr/m/n/12 =[]
 []

<figs/D3/PWTK.png, id=311, 291.0875pt x 286.06876pt>
File: figs/D3/PWTK.png Graphic file (type png)
<use figs/D3/PWTK.png>
Package pdftex.def Info: figs/D3/PWTK.png  used on input line 355.
(pdftex.def)             Requested size: 232.8703pt x 228.85532pt.
[53 <./figs/D3/PWTK.png>] [54]
<figs/D3/Grafano_in.png, id=319, 374.39874pt x 249.93375pt>
File: figs/D3/Grafano_in.png Graphic file (type png)
<use figs/D3/Grafano_in.png>
Package pdftex.def Info: figs/D3/Grafano_in.png  used on input line 449.
(pdftex.def)             Requested size: 112.32048pt x 74.9807pt.
<figs/D3/Grafano_out.png, id=320, 374.39874pt x 262.9825pt>
File: figs/D3/Grafano_out.png Graphic file (type png)
<use figs/D3/Grafano_out.png>
Package pdftex.def Info: figs/D3/Grafano_out.png  used on input line 450.
(pdftex.def)             Requested size: 112.32048pt x 78.89534pt.
<figs/D3/GrO_relax_in.png, id=321, 257.96375pt x 103.38625pt>
File: figs/D3/GrO_relax_in.png Graphic file (type png)
<use figs/D3/GrO_relax_in.png>
Package pdftex.def Info: figs/D3/GrO_relax_in.png  used on input line 458.
(pdftex.def)             Requested size: 77.38971pt x 31.0161pt.
<figs/D3/GrO_relax_out.png, id=322, 262.9825pt x 110.4125pt>
File: figs/D3/GrO_relax_out.png Graphic file (type png)
<use figs/D3/GrO_relax_out.png>
Package pdftex.def Info: figs/D3/GrO_relax_out.png  used on input line 459.
(pdftex.def)             Requested size: 78.89534pt x 33.124pt.
 [55 <./figs/D3/Grafano_in.png> <./figs/D3/Grafano_out.png> <./figs/D3/GrO_relax_in.png> <./figs/D3/GrO_relax_out.png>]
<figs/D3/Zn_vc_in.png, id=331, 359.3425pt x 398.48875pt>
File: figs/D3/Zn_vc_in.png Graphic file (type png)
<use figs/D3/Zn_vc_in.png>
Package pdftex.def Info: figs/D3/Zn_vc_in.png  used on input line 514.
(pdftex.def)             Requested size: 107.80357pt x 119.54755pt.
<figs/D3/Zn_vc_out.png, id=332, 406.51875pt x 474.77374pt>
File: figs/D3/Zn_vc_out.png Graphic file (type png)
<use figs/D3/Zn_vc_out.png>
Package pdftex.def Info: figs/D3/Zn_vc_out.png  used on input line 515.
(pdftex.def)             Requested size: 121.95656pt x 142.43321pt.
 [56]
<figs/D3/Zn_scan.png, id=336, 1558.82375pt x 819.06pt>
File: figs/D3/Zn_scan.png Graphic file (type png)
<use figs/D3/Zn_scan.png>
Package pdftex.def Info: figs/D3/Zn_scan.png  used on input line 527.
(pdftex.def)             Requested size: 467.65074pt x 245.7199pt.

Underfull \vbox (badness 10000) has occurred while \output is active []

 [57 <./figs/D3/Zn_vc_in.png> <./figs/D3/Zn_vc_out.png> <./figs/D3/Zn_scan.png>]
<figs/D3/urea_vc_in.png, id=343, 644.4075pt x 354.32375pt>
File: figs/D3/urea_vc_in.png Graphic file (type png)
<use figs/D3/urea_vc_in.png>
Package pdftex.def Info: figs/D3/urea_vc_in.png  used on input line 537.
(pdftex.def)             Requested size: 193.32373pt x 106.29794pt.
<figs/D3/urea_vc_out.png, id=344, 616.3025pt x 334.24875pt>
File: figs/D3/urea_vc_out.png Graphic file (type png)
<use figs/D3/urea_vc_out.png>
Package pdftex.def Info: figs/D3/urea_vc_out.png  used on input line 538.
(pdftex.def)             Requested size: 184.89217pt x 100.27539pt.
 [58 <./figs/D3/urea_vc_in.png> <./figs/D3/urea_vc_out.png>]
Overfull \hbox (2.62805pt too wide) in paragraph at lines 581--581
 []        \OT1/cmtt/m/n/12 neb.x -in neb.H2+H.w-inter-image.in > neb.H2+H.w-inter-image.out & 
 []

<figs/D3/imagen_intermedia.png, id=350, 587.19376pt x 264.99pt>
File: figs/D3/imagen_intermedia.png Graphic file (type png)
<use figs/D3/imagen_intermedia.png>
Package pdftex.def Info: figs/D3/imagen_intermedia.png  used on input line 588.
(pdftex.def)             Requested size: 352.31897pt x 158.99522pt.
<figs/D3/NEB_H3_noint_in.png, id=351, 331.2375pt x 80.3pt>
File: figs/D3/NEB_H3_noint_in.png Graphic file (type png)
<use figs/D3/NEB_H3_noint_in.png>
Package pdftex.def Info: figs/D3/NEB_H3_noint_in.png  used on input line 600.
(pdftex.def)             Requested size: 99.37201pt x 24.09018pt.
<figs/D3/NEB_H3_int.png, id=352, 254.9525pt x 80.3pt>
File: figs/D3/NEB_H3_int.png Graphic file (type png)
<use figs/D3/NEB_H3_int.png>
Package pdftex.def Info: figs/D3/NEB_H3_int.png  used on input line 601.
(pdftex.def)             Requested size: 76.48633pt x 24.09018pt.
<figs/D3/NEB_H3_noint_out.png, id=353, 292.09125pt x 112.42pt>
File: figs/D3/NEB_H3_noint_out.png Graphic file (type png)
<use figs/D3/NEB_H3_noint_out.png>
Package pdftex.def Info: figs/D3/NEB_H3_noint_out.png  used on input line 602.
(pdftex.def)             Requested size: 87.62804pt x 33.72626pt.
[59 <./figs/D3/imagen_intermedia.png>]
<figs/D3/NEB_H3_L.png, id=358, 633.36626pt x 481.8pt>
File: figs/D3/NEB_H3_L.png Graphic file (type png)
<use figs/D3/NEB_H3_L.png>
Package pdftex.def Info: figs/D3/NEB_H3_L.png  used on input line 610.
(pdftex.def)             Requested size: 285.01218pt x 216.80798pt.
<figs/D3/NEB_H3_C.png, id=359, 638.385pt x 477.785pt>
File: figs/D3/NEB_H3_C.png Graphic file (type png)
<use figs/D3/NEB_H3_C.png>
Package pdftex.def Info: figs/D3/NEB_H3_C.png  used on input line 611.
(pdftex.def)             Requested size: 287.27058pt x 215.00125pt.
 [60 <./figs/D3/NEB_H3_noint_in.png> <./figs/D3/NEB_H3_int.png> <./figs/D3/NEB_H3_noint_out.png> <./figs/D3/NEB_H3_L.png> <./figs/D3/NEB_H3_C.png>]
<figs/D3/diss_ini.png, id=368, 344.28625pt x 317.185pt>
File: figs/D3/diss_ini.png Graphic file (type png)
<use figs/D3/diss_ini.png>
Package pdftex.def Info: figs/D3/diss_ini.png  used on input line 655.
(pdftex.def)             Requested size: 103.28667pt x 95.15622pt.
<figs/D3/diss_inter.png, id=369, 385.44pt x 283.0575pt>
File: figs/D3/diss_inter.png Graphic file (type png)
<use figs/D3/diss_inter.png>
Package pdftex.def Info: figs/D3/diss_inter.png  used on input line 656.
(pdftex.def)             Requested size: 115.63289pt x 84.9179pt.
<figs/D3/diss_fin.png, id=370, 378.41376pt x 243.91125pt>
File: figs/D3/diss_fin.png Graphic file (type png)
<use figs/D3/diss_fin.png>
Package pdftex.def Info: figs/D3/diss_fin.png  used on input line 657.
(pdftex.def)             Requested size: 113.525pt x 73.17393pt.
 [61]
<figs/D3/diss.png, id=375, 633.36626pt x 476.78125pt>
File: figs/D3/diss.png Graphic file (type png)
<use figs/D3/diss.png>
Package pdftex.def Info: figs/D3/diss.png  used on input line 665.
(pdftex.def)             Requested size: 285.01218pt x 214.54958pt.
 [62 <./figs/D3/diss_ini.png> <./figs/D3/diss_inter.png> <./figs/D3/diss_fin.png> <./figs/D3/diss.png>]
Overfull \hbox (39.19444pt too wide) in paragraph at lines 691--692
[]\OT1/cmr/m/n/12 Leer el ar-chi-vo de sa-li-da 'eos.Rh-bulk.log'. Los re-sul-ta-dos fi-na-les est^^San en 'eos.Rh-bulk.RESULTS'. 
 []

<figs/D3/eos_etot.png, id=383, 669.50125pt x 382.42876pt>
File: figs/D3/eos_etot.png Graphic file (type png)
<use figs/D3/eos_etot.png>
Package pdftex.def Info: figs/D3/eos_etot.png  used on input line 702.
(pdftex.def)             Requested size: 234.32895pt x 133.85207pt.
<figs/D3/eos_alat.png, id=384, 666.49pt x 381.425pt>
File: figs/D3/eos_alat.png Graphic file (type png)
<use figs/D3/eos_alat.png>
Package pdftex.def Info: figs/D3/eos_alat.png  used on input line 703.
(pdftex.def)             Requested size: 233.275pt x 133.50075pt.
<figs/D3/eos_young.png, id=385, 684.5575pt x 381.425pt>
File: figs/D3/eos_young.png Graphic file (type png)
<use figs/D3/eos_young.png>
Package pdftex.def Info: figs/D3/eos_young.png  used on input line 704.
(pdftex.def)             Requested size: 239.59871pt x 133.50075pt.
[63 <./figs/D3/eos_etot.png> <./figs/D3/eos_alat.png> <./figs/D3/eos_young.png>]
<figs/D3/pushpop.png, id=392, 851.18pt x 466.74374pt>
File: figs/D3/pushpop.png Graphic file (type png)
<use figs/D3/pushpop.png>
Package pdftex.def Info: figs/D3/pushpop.png  used on input line 735.
(pdftex.def)             Requested size: 340.46596pt x 186.69418pt.
<figs/D3/PES_2D.png, id=393, 615.29875pt x 328.22626pt>
File: figs/D3/PES_2D.png Graphic file (type png)
<use figs/D3/PES_2D.png>
Package pdftex.def Info: figs/D3/PES_2D.png  used on input line 741.
(pdftex.def)             Requested size: 276.88187pt x 147.70044pt.
<figs/D3/tabulate.png, id=394, 671.50874pt x 903.375pt>
File: figs/D3/tabulate.png Graphic file (type png)
<use figs/D3/tabulate.png>
Package pdftex.def Info: figs/D3/tabulate.png  used on input line 749.
(pdftex.def)             Requested size: 470.05292pt x 632.3582pt.
 [64 <./figs/D3/pushpop.png> <./figs/D3/PES_2D.png>]
Underfull \vbox (badness 10000) has occurred while \output is active []

 [65 <./figs/D3/tabulate.png>]
<figs/D3/ILDOS.png, id=404, 647.41875pt x 378.41376pt>
File: figs/D3/ILDOS.png Graphic file (type png)
<use figs/D3/ILDOS.png>
Package pdftex.def Info: figs/D3/ILDOS.png  used on input line 802.
(pdftex.def)             Requested size: 453.19003pt x 264.88782pt.
<figs/D3/ILDOSs.png, id=405, 683.55376pt x 400.49625pt>
File: figs/D3/ILDOSs.png Graphic file (type png)
<use figs/D3/ILDOSs.png>
Package pdftex.def Info: figs/D3/ILDOSs.png  used on input line 803.
(pdftex.def)             Requested size: 478.48438pt x 280.34546pt.
 [66]
Underfull \vbox (badness 10000) has occurred while \output is active []

 [67]
<figs/D3/CO_DOS.png, id=413, 635.37375pt x 478.78876pt>
File: figs/D3/CO_DOS.png Graphic file (type png)
<use figs/D3/CO_DOS.png>
Package pdftex.def Info: figs/D3/CO_DOS.png  used on input line 811.
(pdftex.def)             Requested size: 444.75859pt x 335.14984pt.

Underfull \vbox (badness 10000) has occurred while \output is active []

 [68 <./figs/D3/ILDOS.png> <./figs/D3/ILDOSs.png>]
<figs/D3/psi2-montage.png, id=419, 2368.85pt x 1132.23pt>
File: figs/D3/psi2-montage.png Graphic file (type png)
<use figs/D3/psi2-montage.png>
Package pdftex.def Info: figs/D3/psi2-montage.png  used on input line 817.
(pdftex.def)             Requested size: 473.76161pt x 226.44199pt.
<figs/D3/ildos-montage.png, id=420, 1776.6375pt x 1132.23pt>
File: figs/D3/ildos-montage.png Graphic file (type png)
<use figs/D3/ildos-montage.png>
Package pdftex.def Info: figs/D3/ildos-montage.png  used on input line 823.
(pdftex.def)             Requested size: 355.32121pt x 226.44199pt.

Underfull \vbox (badness 10000) has occurred while \output is active []

 [69 <./figs/D3/CO_DOS.png> <./figs/D3/psi2-montage.png>]
<figs/D3/CO_DIFDEN.png, id=425, 370.38374pt x 403.5075pt>
File: figs/D3/CO_DIFDEN.png Graphic file (type png)
<use figs/D3/CO_DIFDEN.png>
Package pdftex.def Info: figs/D3/CO_DIFDEN.png  used on input line 829.
(pdftex.def)             Requested size: 259.26685pt x 282.45332pt.
) [70 <./figs/D3/ildos-montage.png> <./figs/D3/CO_DIFDEN.png>]
Cap\'{\i }tulo 4.
(./caps/D4.tex
Overfull \hbox (27.24365pt too wide) in paragraph at lines 3--4
[][]\OT1/cmr/bx/it/12 Topic:[] \OT1/cmr/m/n/12 Ad-van-ced fun-ctio-nals: higher ac-cu-racy (hy-brids), strongly co-rre-la-ted ma-te-rials (DFT+U),
 []

<figs/D4/Jacob.png, id=430, 472.76625pt x 588.1975pt>
File: figs/D4/Jacob.png Graphic file (type png)
<use figs/D4/Jacob.png>
Package pdftex.def Info: figs/D4/Jacob.png  used on input line 13.
(pdftex.def)             Requested size: 236.38254pt x 294.09802pt.
[71

 <./figs/D4/Jacob.png>] [72] [73] [74]
<figs/D4/DFT+U+V.png, id=445, 659.46375pt x 236.885pt>
File: figs/D4/DFT+U+V.png Graphic file (type png)
<use figs/D4/DFT+U+V.png>
Package pdftex.def Info: figs/D4/DFT+U+V.png  used on input line 119.
(pdftex.def)             Requested size: 395.68129pt x 142.13208pt.
 [75 <./figs/D4/DFT+U+V.png>] [76] [77]) [78]
Cap\'{\i }tulo 5.
(./caps/D5.tex [79

] [80]
<figs/D5/DFPT.png, id=466, 726.715pt x 359.3425pt>
File: figs/D5/DFPT.png Graphic file (type png)
<use figs/D5/DFPT.png>
Package pdftex.def Info: figs/D5/DFPT.png  used on input line 89.
(pdftex.def)             Requested size: 436.03235pt x 215.60715pt.
 [81 <./figs/D5/DFPT.png>]
<figs/D5/red.png, id=471, 701.62125pt x 238.8925pt>
File: figs/D5/red.png Graphic file (type png)
<use figs/D5/red.png>
Package pdftex.def Info: figs/D5/red.png  used on input line 100.
(pdftex.def)             Requested size: 420.97598pt x 143.3366pt.
<figs/D5/vibraciones.png, id=472, 413.545pt x 72.27pt>
File: figs/D5/vibraciones.png Graphic file (type png)
<use figs/D5/vibraciones.png>
Package pdftex.def Info: figs/D5/vibraciones.png  used on input line 109.
(pdftex.def)             Requested size: 248.1289pt x 43.36232pt.
<figs/D5/monocrom.png, id=473, 622.325pt x 440.64626pt>
File: figs/D5/monocrom.png Graphic file (type png)
<use figs/D5/monocrom.png>
Package pdftex.def Info: figs/D5/monocrom.png  used on input line 126.
(pdftex.def)             Requested size: 373.39787pt x 264.38979pt.
 [82 <./figs/D5/red.png> <./figs/D5/vibraciones.png>]
<figs/D5/fonones_polares.png, id=479, 666.49pt x 447.6725pt>
File: figs/D5/fonones_polares.png Graphic file (type png)
<use figs/D5/fonones_polares.png>
Package pdftex.def Info: figs/D5/fonones_polares.png  used on input line 139.
(pdftex.def)             Requested size: 399.89708pt x 268.60556pt.

Underfull \vbox (badness 10000) has occurred while \output is active []

 [83 <./figs/D5/monocrom.png>]
Overfull \hbox (69.86179pt too wide) in paragraph at lines 156--157
[]\OT1/cmr/m/n/12 It de-pends on the sys-tem and tech-ni-ca-li-ties (xc fun-ctio-nal, etc.). See point 7.2 he-re: https://www.quantum-
 []


Overfull \hbox (1.7384pt too wide) in paragraph at lines 164--165
[][]\OT1/cmr/bx/it/12 Question: Is the-re a ru-le of thumb to choo-se the con-ver-gen-ce cri-te-ria (conv[]thr)
 []

[84 <./figs/D5/fonones_polares.png>] [85]
Overfull \hbox (27.56093pt too wide) in paragraph at lines 261--262
[]\OT1/cmr/m/n/12 Phonon mo-de vi-sua-li-zer: ver fil-mi-na. Lee di-rec-ta-men-te el in-put del pw y el ou-put "matdyn.modes".
 []

[86]) [87] [88

]
Cap\'{\i }tulo 6.
(./caps/D6.tex [89] [90]
<figs/D6/Dyson_1.png, id=507, 758.835pt x 367.3725pt>
File: figs/D6/Dyson_1.png Graphic file (type png)
<use figs/D6/Dyson_1.png>
Package pdftex.def Info: figs/D6/Dyson_1.png  used on input line 78.
(pdftex.def)             Requested size: 455.30452pt x 220.42519pt.
<figs/D6/Dyson_2.png, id=508, 730.73pt x 169.63374pt>
File: figs/D6/Dyson_2.png Graphic file (type png)
<use figs/D6/Dyson_2.png>
Package pdftex.def Info: figs/D6/Dyson_2.png  used on input line 85.
(pdftex.def)             Requested size: 438.44138pt x 101.78102pt.
 [91 <./figs/D6/Dyson_1.png> <./figs/D6/Dyson_2.png>]
<figs/D6/Stern_1.png, id=515, 323.2075pt x 146.5475pt>
File: figs/D6/Stern_1.png Graphic file (type png)
<use figs/D6/Stern_1.png>
Package pdftex.def Info: figs/D6/Stern_1.png  used on input line 105.
(pdftex.def)             Requested size: 193.926pt x 87.92915pt.
<figs/D6/Stern_2.png, id=516, 295.1025pt x 53.19875pt>
File: figs/D6/Stern_2.png Graphic file (type png)
<use figs/D6/Stern_2.png>
Package pdftex.def Info: figs/D6/Stern_2.png  used on input line 106.
(pdftex.def)             Requested size: 177.06285pt x 31.91948pt.
<figs/D6/Stern_3.png, id=517, 529.98pt x 118.4425pt>
File: figs/D6/Stern_3.png Graphic file (type png)
<use figs/D6/Stern_3.png>
Package pdftex.def Info: figs/D6/Stern_3.png  used on input line 107.
(pdftex.def)             Requested size: 317.99043pt x 71.06604pt.
<figs/D6/Stern_4.png, id=518, 787.94376pt x 233.87375pt>
File: figs/D6/Stern_4.png Graphic file (type png)
<use figs/D6/Stern_4.png>
Package pdftex.def Info: figs/D6/Stern_4.png  used on input line 113.
(pdftex.def)             Requested size: 472.7699pt x 140.32532pt.
 [92 <./figs/D6/Stern_1.png> <./figs/D6/Stern_2.png> <./figs/D6/Stern_3.png> <./figs/D6/Stern_4.png>]
<figs/D6/Liou_1.png, id=526, 234.8775pt x 68.255pt>
File: figs/D6/Liou_1.png Graphic file (type png)
<use figs/D6/Liou_1.png>
Package pdftex.def Info: figs/D6/Liou_1.png  used on input line 125.
(pdftex.def)             Requested size: 140.92758pt x 40.95331pt.
<figs/D6/Liou_2.png, id=527, 439.6425pt x 126.4725pt>
File: figs/D6/Liou_2.png Graphic file (type png)
<use figs/D6/Liou_2.png>
Package pdftex.def Info: figs/D6/Liou_2.png  used on input line 126.
(pdftex.def)             Requested size: 263.78752pt x 75.88408pt.
<figs/D6/Liou_3.png, id=528, 298.11375pt x 93.34875pt>
File: figs/D6/Liou_3.png Graphic file (type png)
<use figs/D6/Liou_3.png>
Package pdftex.def Info: figs/D6/Liou_3.png  used on input line 133.
(pdftex.def)             Requested size: 178.86963pt x 56.00967pt.
<figs/D6/Liou_4.png, id=529, 302.12875pt x 167.62625pt>
File: figs/D6/Liou_4.png Graphic file (type png)
<use figs/D6/Liou_4.png>
Package pdftex.def Info: figs/D6/Liou_4.png  used on input line 134.
(pdftex.def)             Requested size: 181.27864pt x 100.5765pt.
<figs/D6/Liou_5.png, id=530, 797.98125pt x 237.88875pt>
File: figs/D6/Liou_5.png Graphic file (type png)
<use figs/D6/Liou_5.png>
Package pdftex.def Info: figs/D6/Liou_5.png  used on input line 140.
(pdftex.def)             Requested size: 478.79243pt x 142.73433pt.

Underfull \vbox (badness 10000) has occurred while \output is active []

 [93 <./figs/D6/Liou_1.png> <./figs/D6/Liou_2.png> <./figs/D6/Liou_3.png> <./figs/D6/Liou_4.png>]
<figs/D6/Liou_6.png, id=538, 736.7525pt x 301.125pt>
File: figs/D6/Liou_6.png Graphic file (type png)
<use figs/D6/Liou_6.png>
Package pdftex.def Info: figs/D6/Liou_6.png  used on input line 146.
(pdftex.def)             Requested size: 442.05492pt x 180.67638pt.
<figs/D6/Casida_1.png, id=539, 599.23875pt x 95.35625pt>
File: figs/D6/Casida_1.png Graphic file (type png)
<use figs/D6/Casida_1.png>
Package pdftex.def Info: figs/D6/Casida_1.png  used on input line 161.
(pdftex.def)             Requested size: 359.54602pt x 57.21417pt.
<figs/D6/Casida_2.png, id=540, 358.33875pt x 91.34125pt>
File: figs/D6/Casida_2.png Graphic file (type png)
<use figs/D6/Casida_2.png>
Package pdftex.def Info: figs/D6/Casida_2.png  used on input line 162.
(pdftex.def)             Requested size: 215.0049pt x 54.80516pt.
 [94 <./figs/D6/Liou_5.png> <./figs/D6/Liou_6.png>]
<figs/D6/opt_1.png, id=547, 218.8175pt x 61.22874pt>
File: figs/D6/opt_1.png Graphic file (type png)
<use figs/D6/opt_1.png>
Package pdftex.def Info: figs/D6/opt_1.png  used on input line 173.
(pdftex.def)             Requested size: 131.2915pt x 36.73752pt.
<figs/D6/opt_2.png, id=548, 512.91624pt x 55.20625pt>
File: figs/D6/opt_2.png Graphic file (type png)
<use figs/D6/opt_2.png>
Package pdftex.def Info: figs/D6/opt_2.png  used on input line 174.
(pdftex.def)             Requested size: 307.75212pt x 33.124pt.
<figs/D6/opt_3.png, id=549, 376.40625pt x 122.4575pt>
File: figs/D6/opt_3.png Graphic file (type png)
<use figs/D6/opt_3.png>
Package pdftex.def Info: figs/D6/opt_3.png  used on input line 175.
(pdftex.def)             Requested size: 225.84547pt x 73.47505pt.
<figs/D6/elec_1.png, id=550, 178.6675pt x 56.21pt>
File: figs/D6/elec_1.png Graphic file (type png)
<use figs/D6/elec_1.png>
Package pdftex.def Info: figs/D6/elec_1.png  used on input line 181.
(pdftex.def)             Requested size: 107.20131pt x 33.72624pt.
<figs/D6/elec_2.png, id=551, 377.41pt x 63.23625pt>
File: figs/D6/elec_2.png Graphic file (type png)
<use figs/D6/elec_2.png>
Package pdftex.def Info: figs/D6/elec_2.png  used on input line 182.
(pdftex.def)             Requested size: 226.44774pt x 37.94203pt.
<figs/D6/elec_3.png, id=552, 680.5425pt x 80.3pt>
File: figs/D6/elec_3.png Graphic file (type png)
<use figs/D6/elec_3.png>
Package pdftex.def Info: figs/D6/elec_3.png  used on input line 183.
(pdftex.def)             Requested size: 408.32864pt x 48.18036pt.
<figs/D6/neu_1.png, id=553, 292.09125pt x 51.19125pt>
File: figs/D6/neu_1.png Graphic file (type png)
<use figs/D6/neu_1.png>
Package pdftex.def Info: figs/D6/neu_1.png  used on input line 188.
(pdftex.def)             Requested size: 175.25609pt x 30.71498pt.
<figs/D6/neu_2.png, id=554, 386.44376pt x 61.22874pt>
File: figs/D6/neu_2.png Graphic file (type png)
<use figs/D6/neu_2.png>
Package pdftex.def Info: figs/D6/neu_2.png  used on input line 189.
(pdftex.def)             Requested size: 231.86804pt x 36.73752pt.
<figs/D6/neu_3.png, id=555, 666.49pt x 96.36pt>
File: figs/D6/neu_3.png Graphic file (type png)
<use figs/D6/neu_3.png>
Package pdftex.def Info: figs/D6/neu_3.png  used on input line 190.
(pdftex.def)             Requested size: 399.89708pt x 57.81642pt.
 [95 <./figs/D6/Casida_1.png> <./figs/D6/Casida_2.png> <./figs/D6/opt_1.png> <./figs/D6/opt_2.png> <./figs/D6/opt_3.png> <./figs/D6/elec_1.png> <./figs/D6/elec_2.png> <./figs/D6/elec_3.png>]
Overfull \hbox (7.04353pt too wide) in paragraph at lines 216--217
[][]\OT1/cmr/bx/it/12 Does ab-sor-ption spec-tros-copy cal-cu-la-tions using the-se methods con-si-ders ground
 []

[96 <./figs/D6/neu_1.png> <./figs/D6/neu_2.png> <./figs/D6/neu_3.png>]
<figs/D6/C6H6_pre.png, id=573, 1388.18625pt x 984.67876pt>
File: figs/D6/C6H6_pre.png Graphic file (type png)
<use figs/D6/C6H6_pre.png>
Package pdftex.def Info: figs/D6/C6H6_pre.png  used on input line 240.
(pdftex.def)             Requested size: 832.9182pt x 590.81181pt.
<figs/D6/C6H6_post.png, id=574, 1398.22375pt x 981.6675pt>
File: figs/D6/C6H6_post.png Graphic file (type png)
<use figs/D6/C6H6_post.png>
Package pdftex.def Info: figs/D6/C6H6_post.png  used on input line 241.
(pdftex.def)             Requested size: 838.94073pt x 589.00505pt.

Overfull \hbox (349.22133pt too wide) in paragraph at lines 240--242
 [][] 
 []


Overfull \hbox (355.24387pt too wide) in paragraph at lines 240--242
 [] 
 []


Underfull \vbox (badness 10000) has occurred while \output is active []

 [97]
Overfull \vbox (498.30739pt too high) has occurred while \output is active []

 [98 <./figs/D6/C6H6_pre.png> <./figs/D6/C6H6_post.png>]) [99] [100

]
Cap\'{\i }tulo 7.
(./caps/D7.tex [101] [102]) [103] [104

]
Cap\'{\i }tulo 8.
(./caps/D8.tex) [105] [106

]
Cap\'{\i }tulo 9.
(./caps/D9.tex) [107] [108

]
Cap\'{\i }tulo 10.
(./caps/D10.tex) [109] (./main.aux
LaTeX Info: Redefining \. on input line 8.
LaTeX Info: Redefining \% on input line 8.
)

LaTeX Font Warning: Size substitutions with differences
(Font)              up to 3.95001pt have occurred.

 ) 
Here is how much of TeX's memory you used:
 20743 strings out of 478836
 415572 string characters out of 5855605
 702342 words of memory out of 5000000
 37887 multiletter control sequences out of 15000+600000
 432372 words of font info for 166 fonts, out of 8000000 for 9000
 1141 hyphenation exceptions out of 8191
 83i,19n,94p,696b,804s stack positions out of 5000i,500n,10000p,200000b,80000s
{/usr/local/texlive/2021/texmf-dist/fonts/enc/dvips/cm-super/cm-super-ts1.enc}</usr/local/texlive/2021/texmf-dist/fonts/type1/public/amsfonts/cm/cmbx12.pfb></usr/local/texlive/2021/texmf-dist/fonts/type1/public/amsfonts/cm/cmbxti10.pfb></usr/local/texlive/2021/texmf-dist/fonts/type1/public/amsfonts/cm/cmcsc10.pfb></usr/local/texlive/2021/texmf-dist/fonts/type1/public/amsfonts/cm/cmex10.pfb></usr/local/texlive/2021/texmf-dist/fonts/type1/public/amsfonts/cm/cmmi12.pfb></usr/local/texlive/2021/texmf-dist/fonts/type1/public/amsfonts/cm/cmmi6.pfb></usr/local/texlive/2021/texmf-dist/fonts/type1/public/amsfonts/cm/cmmi8.pfb></usr/local/texlive/2021/texmf-dist/fonts/type1/public/amsfonts/cm/cmr10.pfb></usr/local/texlive/2021/texmf-dist/fonts/type1/public/amsfonts/cm/cmr12.pfb></usr/local/texlive/2021/texmf-dist/fonts/type1/public/amsfonts/cm/cmr6.pfb></usr/local/texlive/2021/texmf-dist/fonts/type1/public/amsfonts/cm/cmr8.pfb></usr/local/texlive/2021/texmf-dist/fonts/type1/public/amsfonts/cm/
cmsy10.pfb></usr/local/texlive/2021/texmf-dist/fonts/type1/public/amsfonts/cm/cmsy6.pfb></usr/local/texlive/2021/texmf-dist/fonts/type1/public/amsfonts/cm/cmsy8.pfb></usr/local/texlive/2021/texmf-dist/fonts/type1/public/amsfonts/cm/cmti12.pfb></usr/local/texlive/2021/texmf-dist/fonts/type1/public/amsfonts/cm/cmtt12.pfb></usr/local/texlive/2021/texmf-dist/fonts/type1/public/esint-type1/esint10.pfb></usr/local/texlive/2021/texmf-dist/fonts/type1/public/amsfonts/symbols/msbm10.pfb></usr/local/texlive/2021/texmf-dist/fonts/type1/public/cm-super/sfrm1200.pfb>
Output written on main.pdf (115 pages, 10873046 bytes).
PDF statistics:
 685 PDF objects out of 1000 (max. 8388607)
 318 compressed objects within 4 object streams
 0 named destinations out of 1000 (max. 500000)
 618 words of extra memory for PDF output out of 10000 (max. 10000000)

